<?xml version="1.0" encoding="UTF-8"?>
  <testsuite name="AWS/SM" tests="3" failures="2" errors="0" time="0.444">
      <testcase name="SM GetSecret When the client fails should return an error" classname="AWS/SM" time="0.323584"></testcase>
      <testcase name="SM GetSecret When the keys contains an index it should return the secret" classname="AWS/SM" time="0.0566588">
          <failure type="Failure">/home/ayoul3/projects/asm-env/asm/sm_test.go:27&#xA;Unexpected error:&#xA;    &lt;*errors.withStack | 0xc00048e1a0&gt;: {&#xA;        error: {&#xA;            cause: {&#xA;                awsError: {&#xA;                    code: &#34;ValidationException&#34;,&#xA;                    message: &#34;Invalid name. Must be a valid name containing alphanumeric characters, or any of the following: -/_+=.@!&#34;,&#xA;                    errs: nil,&#xA;                },&#xA;                statusCode: 400,&#xA;                requestID: &#34;8f914d18-8d0f-4861-bd98-fe75df433741&#34;,&#xA;                bytes: nil,&#xA;            },&#xA;            msg: &#34;GetSecretValue &#34;,&#xA;        },&#xA;        stack: [0x887f6d, 0x8cdf3b, 0x891823, 0x891437, 0x890ae7, 0x894151, 0x893892, 0x8a2f31, 0x8a2a47, 0x8a2257, 0x8a4986, 0x8b0198, 0x8afecd, 0x8cdb79, 0x50182f, 0x4714a1],&#xA;    }&#xA;    GetSecretValue : ValidationException: Invalid name. Must be a valid name containing alphanumeric characters, or any of the following: -/_+=.@!&#xA;    &#x9;status code: 400, request id: 8f914d18-8d0f-4861-bd98-fe75df433741&#xA;occurred&#xA;/home/ayoul3/projects/asm-env/asm/sm_test.go:30</failure>
      </testcase>
      <testcase name="SM GetSecret When the call succeeds it should return the secret" classname="AWS/SM" time="0.0639263">
          <failure type="Failure">/home/ayoul3/projects/asm-env/asm/sm_test.go:35&#xA;Unexpected error:&#xA;    &lt;*errors.withStack | 0xc00048eae0&gt;: {&#xA;        error: {&#xA;            cause: {&#xA;                awsError: {&#xA;                    code: &#34;ValidationException&#34;,&#xA;                    message: &#34;Invalid name. Must be a valid name containing alphanumeric characters, or any of the following: -/_+=.@!&#34;,&#xA;                    errs: nil,&#xA;                },&#xA;                statusCode: 400,&#xA;                requestID: &#34;abde2253-22c7-40ab-ba64-943f3439d928&#34;,&#xA;                bytes: nil,&#xA;            },&#xA;            msg: &#34;GetSecretValue &#34;,&#xA;        },&#xA;        stack: [0x887f6d, 0x8ce2fb, 0x891823, 0x891437, 0x890ae7, 0x894151, 0x893892, 0x8a2f31, 0x8a2a47, 0x8a2257, 0x8a4986, 0x8b0198, 0x8afecd, 0x8cdb79, 0x50182f, 0x4714a1],&#xA;    }&#xA;    GetSecretValue : ValidationException: Invalid name. Must be a valid name containing alphanumeric characters, or any of the following: -/_+=.@!&#xA;    &#x9;status code: 400, request id: abde2253-22c7-40ab-ba64-943f3439d928&#xA;occurred&#xA;/home/ayoul3/projects/asm-env/asm/sm_test.go:38</failure>
      </testcase>
  </testsuite>